23:13:13.427108 kvClerk  G3359871227011753109 - S2  INFO  gid: 101 shard: 8 Put key: 0, value: U, now: U
23:13:13.868186 kvClerk  G50707127280004238 - S2  INFO  gid: 101 shard: 8 Append key: 0, value: j, now: Uj
23:13:13.919476 kvClerk  G50707127280004238 - S3  INFO  gid: 101 shard: 8 Append key: 0, value: j, now: Ujj
23:13:13.970826 kvClerk  G50707127280004238 - S4  INFO  gid: 101 shard: 8 Append key: 0, value: t, now: Ujjt
23:13:14.023339 kvClerk  G50707127280004238 - S5  INFO  gid: 101 shard: 8 Append key: 0, value: F, now: UjjtF
23:13:14.084700 kvClerk  G50707127280004238 - S6  INFO  gid: 101 shard: 8 Append key: 0, value: d, now: UjjtFd
23:13:14.137310 kvClerk  G50707127280004238 - S7  INFO  gid: 101 shard: 8 Append key: 0, value: X, now: UjjtFdX
23:13:14.199243 kvClerk  G50707127280004238 - S8  INFO  gid: 101 shard: 8 Append key: 0, value: C, now: UjjtFdXC
23:13:14.251339 kvClerk  G50707127280004238 - S9  INFO  gid: 101 shard: 8 Append key: 0, value: 5, now: UjjtFdXC5
23:13:14.304117 kvClerk  G50707127280004238 - S10 INFO  gid: 101 shard: 8 Append key: 0, value: i, now: UjjtFdXC5i
23:13:14.355527 kvClerk  G50707127280004238 - S11 INFO  gid: 101 shard: 8 Append key: 0, value: l, now: UjjtFdXC5il
23:13:14.417222 kvClerk  G50707127280004238 - S12 INFO  gid: 101 shard: 8 Append key: 0, value: c, now: UjjtFdXC5ilc
23:13:14.470885 kvClerk  G50707127280004238 - S13 INFO  gid: 101 shard: 8 Append key: 0, value: A, now: UjjtFdXC5ilcA
23:13:14.532576 kvClerk  G50707127280004238 - S14 INFO  gid: 101 shard: 8 Append key: 0, value: N, now: UjjtFdXC5ilcAN
23:13:14.594011 kvClerk  G50707127280004238 - S15 INFO  gid: 101 shard: 8 Append key: 0, value: A, now: UjjtFdXC5ilcANA
23:13:14.654946 kvClerk  G50707127280004238 - S16 INFO  gid: 101 shard: 8 Append key: 0, value: Q, now: UjjtFdXC5ilcANAQ
23:13:14.707307 kvClerk  G50707127280004238 - S17 INFO  gid: 101 shard: 8 Append key: 0, value: E, now: UjjtFdXC5ilcANAQE
23:13:14.759823 kvClerk  G50707127280004238 - S18 INFO  gid: 101 shard: 8 Append key: 0, value: G, now: UjjtFdXC5ilcANAQEG
23:13:14.821887 kvClerk  G50707127280004238 - S19 INFO  gid: 101 shard: 8 Append key: 0, value: -, now: UjjtFdXC5ilcANAQEG-
23:13:14.884487 kvClerk  G50707127280004238 - S20 INFO  gid: 101 shard: 8 Append key: 0, value: G, now: UjjtFdXC5ilcANAQEG-G
23:13:14.936164 kvClerk  G50707127280004238 - S21 INFO  gid: 101 shard: 8 Append key: 0, value: S, now: UjjtFdXC5ilcANAQEG-GS
23:13:14.997401 kvClerk  G50707127280004238 - S22 INFO  gid: 101 shard: 8 Append key: 0, value: k, now: UjjtFdXC5ilcANAQEG-GSk
23:13:15.058798 kvClerk  G50707127280004238 - S23 INFO  gid: 101 shard: 8 Append key: 0, value: O, now: UjjtFdXC5ilcANAQEG-GSkO
23:13:15.120249 kvClerk  G50707127280004238 - S24 INFO  gid: 101 shard: 8 Append key: 0, value: z, now: UjjtFdXC5ilcANAQEG-GSkOz
23:13:15.181428 kvClerk  G50707127280004238 - S25 INFO  gid: 101 shard: 8 Append key: 0, value: C, now: UjjtFdXC5ilcANAQEG-GSkOzC
23:13:15.243573 kvClerk  G50707127280004238 - S26 INFO  gid: 101 shard: 8 Append key: 0, value: r, now: UjjtFdXC5ilcANAQEG-GSkOzCr
23:13:15.306239 kvClerk  G50707127280004238 - S27 INFO  gid: 101 shard: 8 Append key: 0, value: 1, now: UjjtFdXC5ilcANAQEG-GSkOzCr1
23:13:15.367945 kvClerk  G50707127280004238 - S28 INFO  gid: 101 shard: 8 Append key: 0, value: Z, now: UjjtFdXC5ilcANAQEG-GSkOzCr1Z
23:13:15.430571 kvClerk  G50707127280004238 - S29 INFO  gid: 101 shard: 8 Append key: 0, value: S, now: UjjtFdXC5ilcANAQEG-GSkOzCr1ZS
23:13:15.493193 kvClerk  G50707127280004238 - S30 INFO  gid: 101 shard: 8 Append key: 0, value: e, now: UjjtFdXC5ilcANAQEG-GSkOzCr1ZSe
23:13:15.546300 kvClerk  G50707127280004238 - S31 INFO  gid: 101 shard: 8 Append key: 0, value: P, now: UjjtFdXC5ilcANAQEG-GSkOzCr1ZSeP
23:13:15.609260 kvClerk  G50707127280004238 - S32 INFO  gid: 101 shard: 8 Append key: 0, value: m, now: UjjtFdXC5ilcANAQEG-GSkOzCr1ZSePm
23:13:15.662328 kvClerk  G50707127280004238 - S33 INFO  gid: 101 shard: 8 Append key: 0, value: p, now: UjjtFdXC5ilcANAQEG-GSkOzCr1ZSePmp
23:13:15.724942 kvClerk  G50707127280004238 - S34 INFO  gid: 101 shard: 8 Append key: 0, value: j, now: UjjtFdXC5ilcANAQEG-GSkOzCr1ZSePmpj
23:13:15.788176 kvClerk  G50707127280004238 - S35 INFO  gid: 101 shard: 8 Append key: 0, value: f, now: UjjtFdXC5ilcANAQEG-GSkOzCr1ZSePmpjf
23:13:15.849852 kvClerk  G50707127280004238 - S36 INFO  gid: 101 shard: 8 Append key: 0, value: w, now: UjjtFdXC5ilcANAQEG-GSkOzCr1ZSePmpjfw
23:13:15.911753 kvClerk  G50707127280004238 - S37 INFO  gid: 101 shard: 8 Append key: 0, value: k, now: UjjtFdXC5ilcANAQEG-GSkOzCr1ZSePmpjfwk
23:13:15.973693 kvClerk  G50707127280004238 - S38 INFO  gid: 101 shard: 8 Append key: 0, value: u, now: UjjtFdXC5ilcANAQEG-GSkOzCr1ZSePmpjfwku
23:13:16.037810 kvClerk  G50707127280004238 - S39 INFO  gid: 101 shard: 8 Append key: 0, value: 5, now: UjjtFdXC5ilcANAQEG-GSkOzCr1ZSePmpjfwku5
23:13:16.101407 kvClerk  G50707127280004238 - S40 INFO  gid: 101 shard: 8 Append key: 0, value: H, now: UjjtFdXC5ilcANAQEG-GSkOzCr1ZSePmpjfwku5H
23:13:16.164490 kvClerk  G50707127280004238 - S41 INFO  gid: 101 shard: 8 Append key: 0, value: V, now: UjjtFdXC5ilcANAQEG-GSkOzCr1ZSePmpjfwku5HV
23:13:16.226753 kvClerk  G50707127280004238 - S42 INFO  gid: 101 shard: 8 Append key: 0, value: 5, now: UjjtFdXC5ilcANAQEG-GSkOzCr1ZSePmpjfwku5HV5
23:13:16.288820 kvClerk  G50707127280004238 - S43 INFO  gid: 101 shard: 8 Append key: 0, value: e, now: UjjtFdXC5ilcANAQEG-GSkOzCr1ZSePmpjfwku5HV5e
23:13:16.355083 kvClerk  G50707127280004238 - S44 INFO  gid: 101 shard: 8 Append key: 0, value: a, now: UjjtFdXC5ilcANAQEG-GSkOzCr1ZSePmpjfwku5HV5ea
23:13:16.414697 kvClerk  G50707127280004238 - S45 INFO  gid: 101 shard: 8 Append key: 0, value: 4, now: UjjtFdXC5ilcANAQEG-GSkOzCr1ZSePmpjfwku5HV5ea4
23:13:16.479926 kvClerk  G50707127280004238 - S46 INFO  gid: 101 shard: 8 Append key: 0, value: z, now: UjjtFdXC5ilcANAQEG-GSkOzCr1ZSePmpjfwku5HV5ea4z
23:13:16.543471 kvClerk  G50707127280004238 - S47 INFO  gid: 101 shard: 8 Append key: 0, value: 0, now: UjjtFdXC5ilcANAQEG-GSkOzCr1ZSePmpjfwku5HV5ea4z0
23:13:16.606513 kvClerk  G50707127280004238 - S48 INFO  gid: 101 shard: 8 Append key: 0, value: d, now: UjjtFdXC5ilcANAQEG-GSkOzCr1ZSePmpjfwku5HV5ea4z0d
23:13:16.669119 kvClerk  G50707127280004238 - S49 INFO  gid: 101 shard: 8 Append key: 0, value: w, now: UjjtFdXC5ilcANAQEG-GSkOzCr1ZSePmpjfwku5HV5ea4z0dw
23:13:16.732324 kvClerk  G50707127280004238 - S50 INFO  gid: 101 shard: 8 Append key: 0, value: -, now: UjjtFdXC5ilcANAQEG-GSkOzCr1ZSePmpjfwku5HV5ea4z0dw-
23:13:16.796804 kvClerk  G50707127280004238 - S51 INFO  gid: 101 shard: 8 Append key: 0, value: j, now: UjjtFdXC5ilcANAQEG-GSkOzCr1ZSePmpjfwku5HV5ea4z0dw-j
23:13:16.860278 kvClerk  G50707127280004238 - S52 INFO  gid: 101 shard: 8 Append key: 0, value: Q, now: UjjtFdXC5ilcANAQEG-GSkOzCr1ZSePmpjfwku5HV5ea4z0dw-jQ
23:13:16.925737 kvClerk  G50707127280004238 - S53 INFO  ErrWrongGroup gid: 101 shard 8, Append key: 0, value: 7
23:13:17.044031 kvClerk  G50707127280004238 - S53 INFO  gid: 102 shard: 8 Append key: 0, value: 7, now: UjjtFdXC5ilcANAQEG-GSkOzCr1ZSePmpjfwku5HV5ea4z0dw-jQ7
23:13:17.096067 kvClerk  G50707127280004238 - S54 INFO  gid: 102 shard: 8 Append key: 0, value: 3, now: UjjtFdXC5ilcANAQEG-GSkOzCr1ZSePmpjfwku5HV5ea4z0dw-jQ73
23:13:17.157899 kvClerk  G50707127280004238 - S55 INFO  gid: 102 shard: 8 Append key: 0, value: f, now: UjjtFdXC5ilcANAQEG-GSkOzCr1ZSePmpjfwku5HV5ea4z0dw-jQ73f
23:13:17.211262 kvClerk  G50707127280004238 - S56 INFO  gid: 102 shard: 8 Append key: 0, value: C, now: UjjtFdXC5ilcANAQEG-GSkOzCr1ZSePmpjfwku5HV5ea4z0dw-jQ73fC
23:13:17.264583 kvClerk  G50707127280004238 - S57 INFO  gid: 102 shard: 8 Append key: 0, value: x, now: UjjtFdXC5ilcANAQEG-GSkOzCr1ZSePmpjfwku5HV5ea4z0dw-jQ73fCx
23:13:17.317026 kvClerk  G50707127280004238 - S58 INFO  gid: 102 shard: 8 Append key: 0, value: P, now: UjjtFdXC5ilcANAQEG-GSkOzCr1ZSePmpjfwku5HV5ea4z0dw-jQ73fCxP
23:13:17.379316 kvClerk  G50707127280004238 - S59 INFO  gid: 102 shard: 8 Append key: 0, value: M, now: UjjtFdXC5ilcANAQEG-GSkOzCr1ZSePmpjfwku5HV5ea4z0dw-jQ73fCxPM
23:13:17.431655 kvClerk  G50707127280004238 - S60 INFO  gid: 102 shard: 8 Append key: 0, value: W, now: UjjtFdXC5ilcANAQEG-GSkOzCr1ZSePmpjfwku5HV5ea4z0dw-jQ73fCxPMW
23:13:17.483471 kvClerk  G50707127280004238 - S61 INFO  gid: 102 shard: 8 Append key: 0, value: 3, now: UjjtFdXC5ilcANAQEG-GSkOzCr1ZSePmpjfwku5HV5ea4z0dw-jQ73fCxPMW3
23:13:17.546880 kvClerk  G50707127280004238 - S62 INFO  gid: 102 shard: 8 Append key: 0, value: A, now: UjjtFdXC5ilcANAQEG-GSkOzCr1ZSePmpjfwku5HV5ea4z0dw-jQ73fCxPMW3A
23:13:17.608649 kvClerk  G50707127280004238 - S63 INFO  gid: 102 shard: 8 Append key: 0, value: 1, now: UjjtFdXC5ilcANAQEG-GSkOzCr1ZSePmpjfwku5HV5ea4z0dw-jQ73fCxPMW3A1
23:13:17.660160 kvClerk  G50707127280004238 - S64 INFO  gid: 102 shard: 8 Append key: 0, value: 2, now: UjjtFdXC5ilcANAQEG-GSkOzCr1ZSePmpjfwku5HV5ea4z0dw-jQ73fCxPMW3A12
23:13:17.721871 kvClerk  G50707127280004238 - S65 INFO  gid: 102 shard: 8 Append key: 0, value: K, now: UjjtFdXC5ilcANAQEG-GSkOzCr1ZSePmpjfwku5HV5ea4z0dw-jQ73fCxPMW3A12K
23:13:17.783626 kvClerk  G50707127280004238 - S66 INFO  gid: 102 shard: 8 Append key: 0, value: Y, now: UjjtFdXC5ilcANAQEG-GSkOzCr1ZSePmpjfwku5HV5ea4z0dw-jQ73fCxPMW3A12KY
23:13:17.846470 kvClerk  G50707127280004238 - S67 INFO  gid: 102 shard: 8 Append key: 0, value: 6, now: UjjtFdXC5ilcANAQEG-GSkOzCr1ZSePmpjfwku5HV5ea4z0dw-jQ73fCxPMW3A12KY6
23:13:17.909847 kvClerk  G50707127280004238 - S68 INFO  gid: 102 shard: 8 Append key: 0, value: n, now: UjjtFdXC5ilcANAQEG-GSkOzCr1ZSePmpjfwku5HV5ea4z0dw-jQ73fCxPMW3A12KY6n
23:13:17.972529 kvClerk  G50707127280004238 - S69 INFO  gid: 102 shard: 8 Append key: 0, value: D, now: UjjtFdXC5ilcANAQEG-GSkOzCr1ZSePmpjfwku5HV5ea4z0dw-jQ73fCxPMW3A12KY6nD
23:13:18.035592 kvClerk  G50707127280004238 - S70 INFO  gid: 102 shard: 8 Append key: 0, value: O, now: UjjtFdXC5ilcANAQEG-GSkOzCr1ZSePmpjfwku5HV5ea4z0dw-jQ73fCxPMW3A12KY6nDO
23:13:18.096697 kvClerk  G50707127280004238 - S71 INFO  gid: 102 shard: 8 Append key: 0, value: P, now: UjjtFdXC5ilcANAQEG-GSkOzCr1ZSePmpjfwku5HV5ea4z0dw-jQ73fCxPMW3A12KY6nDOP
23:13:18.159129 kvClerk  G50707127280004238 - S72 INFO  gid: 102 shard: 8 Append key: 0, value: S, now: UjjtFdXC5ilcANAQEG-GSkOzCr1ZSePmpjfwku5HV5ea4z0dw-jQ73fCxPMW3A12KY6nDOPS
23:13:18.222638 kvClerk  G50707127280004238 - S73 INFO  gid: 102 shard: 8 Append key: 0, value: n, now: UjjtFdXC5ilcANAQEG-GSkOzCr1ZSePmpjfwku5HV5ea4z0dw-jQ73fCxPMW3A12KY6nDOPSn
23:13:18.285647 kvClerk  G50707127280004238 - S74 INFO  gid: 102 shard: 8 Append key: 0, value: K, now: UjjtFdXC5ilcANAQEG-GSkOzCr1ZSePmpjfwku5HV5ea4z0dw-jQ73fCxPMW3A12KY6nDOPSnK
23:13:18.347406 kvClerk  G50707127280004238 - S75 INFO  gid: 102 shard: 8 Append key: 0, value: W, now: UjjtFdXC5ilcANAQEG-GSkOzCr1ZSePmpjfwku5HV5ea4z0dw-jQ73fCxPMW3A12KY6nDOPSnKW
23:13:18.409847 kvClerk  G50707127280004238 - S76 INFO  gid: 102 shard: 8 Append key: 0, value: y, now: UjjtFdXC5ilcANAQEG-GSkOzCr1ZSePmpjfwku5HV5ea4z0dw-jQ73fCxPMW3A12KY6nDOPSnKWy
23:13:18.472170 kvClerk  G50707127280004238 - S77 INFO  gid: 102 shard: 8 Append key: 0, value: E, now: UjjtFdXC5ilcANAQEG-GSkOzCr1ZSePmpjfwku5HV5ea4z0dw-jQ73fCxPMW3A12KY6nDOPSnKWyE
23:13:18.534220 kvClerk  G50707127280004238 - S78 INFO  gid: 102 shard: 8 Append key: 0, value: t, now: UjjtFdXC5ilcANAQEG-GSkOzCr1ZSePmpjfwku5HV5ea4z0dw-jQ73fCxPMW3A12KY6nDOPSnKWyEt
23:13:18.596556 kvClerk  G50707127280004238 - S79 INFO  gid: 102 shard: 8 Append key: 0, value: Z, now: UjjtFdXC5ilcANAQEG-GSkOzCr1ZSePmpjfwku5HV5ea4z0dw-jQ73fCxPMW3A12KY6nDOPSnKWyEtZ
23:13:18.658326 kvClerk  G50707127280004238 - S80 INFO  gid: 102 shard: 8 Append key: 0, value: Y, now: UjjtFdXC5ilcANAQEG-GSkOzCr1ZSePmpjfwku5HV5ea4z0dw-jQ73fCxPMW3A12KY6nDOPSnKWyEtZY
23:13:18.711139 kvClerk  G50707127280004238 - S81 INFO  gid: 102 shard: 8 Append key: 0, value: t, now: UjjtFdXC5ilcANAQEG-GSkOzCr1ZSePmpjfwku5HV5ea4z0dw-jQ73fCxPMW3A12KY6nDOPSnKWyEtZYt
23:13:18.774092 kvClerk  G50707127280004238 - S82 INFO  gid: 102 shard: 8 Append key: 0, value: r, now: UjjtFdXC5ilcANAQEG-GSkOzCr1ZSePmpjfwku5HV5ea4z0dw-jQ73fCxPMW3A12KY6nDOPSnKWyEtZYtr
23:13:18.835886 kvClerk  G50707127280004238 - S83 INFO  gid: 102 shard: 8 Append key: 0, value: _, now: UjjtFdXC5ilcANAQEG-GSkOzCr1ZSePmpjfwku5HV5ea4z0dw-jQ73fCxPMW3A12KY6nDOPSnKWyEtZYtr_
23:13:18.898507 kvClerk  G50707127280004238 - S84 INFO  gid: 102 shard: 8 Append key: 0, value: O, now: UjjtFdXC5ilcANAQEG-GSkOzCr1ZSePmpjfwku5HV5ea4z0dw-jQ73fCxPMW3A12KY6nDOPSnKWyEtZYtr_O
23:13:18.952864 kvClerk  G50707127280004238 - S85 INFO  gid: 102 shard: 8 Append key: 0, value: j, now: UjjtFdXC5ilcANAQEG-GSkOzCr1ZSePmpjfwku5HV5ea4z0dw-jQ73fCxPMW3A12KY6nDOPSnKWyEtZYtr_Oj
23:13:19.014326 kvClerk  G50707127280004238 - S86 INFO  gid: 102 shard: 8 Append key: 0, value: L, now: UjjtFdXC5ilcANAQEG-GSkOzCr1ZSePmpjfwku5HV5ea4z0dw-jQ73fCxPMW3A12KY6nDOPSnKWyEtZYtr_OjL
23:13:19.076693 kvClerk  G50707127280004238 - S87 INFO  gid: 102 shard: 8 Append key: 0, value: S, now: UjjtFdXC5ilcANAQEG-GSkOzCr1ZSePmpjfwku5HV5ea4z0dw-jQ73fCxPMW3A12KY6nDOPSnKWyEtZYtr_OjLS
23:13:19.138910 kvClerk  G50707127280004238 - S88 INFO  gid: 102 shard: 8 Append key: 0, value: y, now: UjjtFdXC5ilcANAQEG-GSkOzCr1ZSePmpjfwku5HV5ea4z0dw-jQ73fCxPMW3A12KY6nDOPSnKWyEtZYtr_OjLSy
23:13:19.201715 kvClerk  G50707127280004238 - S89 INFO  gid: 102 shard: 8 Append key: 0, value: a, now: UjjtFdXC5ilcANAQEG-GSkOzCr1ZSePmpjfwku5HV5ea4z0dw-jQ73fCxPMW3A12KY6nDOPSnKWyEtZYtr_OjLSya
23:13:19.262494 kvClerk  G50707127280004238 - S90 INFO  gid: 102 shard: 8 Append key: 0, value: 5, now: UjjtFdXC5ilcANAQEG-GSkOzCr1ZSePmpjfwku5HV5ea4z0dw-jQ73fCxPMW3A12KY6nDOPSnKWyEtZYtr_OjLSya5
23:13:19.323312 kvClerk  G50707127280004238 - S91 INFO  gid: 102 shard: 8 Append key: 0, value: C, now: UjjtFdXC5ilcANAQEG-GSkOzCr1ZSePmpjfwku5HV5ea4z0dw-jQ73fCxPMW3A12KY6nDOPSnKWyEtZYtr_OjLSya5C
23:13:19.385106 kvClerk  G50707127280004238 - S92 INFO  gid: 102 shard: 8 Append key: 0, value: e, now: UjjtFdXC5ilcANAQEG-GSkOzCr1ZSePmpjfwku5HV5ea4z0dw-jQ73fCxPMW3A12KY6nDOPSnKWyEtZYtr_OjLSya5Ce
23:13:19.446402 kvClerk  G50707127280004238 - S93 INFO  gid: 102 shard: 8 Append key: 0, value: P, now: UjjtFdXC5ilcANAQEG-GSkOzCr1ZSePmpjfwku5HV5ea4z0dw-jQ73fCxPMW3A12KY6nDOPSnKWyEtZYtr_OjLSya5CeP
23:13:19.506846 kvClerk  G50707127280004238 - S94 INFO  gid: 102 shard: 8 Append key: 0, value: 2, now: UjjtFdXC5ilcANAQEG-GSkOzCr1ZSePmpjfwku5HV5ea4z0dw-jQ73fCxPMW3A12KY6nDOPSnKWyEtZYtr_OjLSya5CeP2
23:13:19.568590 kvClerk  G50707127280004238 - S95 INFO  gid: 102 shard: 8 Append key: 0, value: x, now: UjjtFdXC5ilcANAQEG-GSkOzCr1ZSePmpjfwku5HV5ea4z0dw-jQ73fCxPMW3A12KY6nDOPSnKWyEtZYtr_OjLSya5CeP2x
23:13:19.630048 kvClerk  G50707127280004238 - S96 INFO  gid: 102 shard: 8 Append key: 0, value: 0, now: UjjtFdXC5ilcANAQEG-GSkOzCr1ZSePmpjfwku5HV5ea4z0dw-jQ73fCxPMW3A12KY6nDOPSnKWyEtZYtr_OjLSya5CeP2x0
23:13:19.692350 kvClerk  G50707127280004238 - S97 INFO  gid: 102 shard: 8 Append key: 0, value: t, now: UjjtFdXC5ilcANAQEG-GSkOzCr1ZSePmpjfwku5HV5ea4z0dw-jQ73fCxPMW3A12KY6nDOPSnKWyEtZYtr_OjLSya5CeP2x0t
23:13:19.752786 kvClerk  G50707127280004238 - S98 INFO  gid: 102 shard: 8 Append key: 0, value: o, now: UjjtFdXC5ilcANAQEG-GSkOzCr1ZSePmpjfwku5HV5ea4z0dw-jQ73fCxPMW3A12KY6nDOPSnKWyEtZYtr_OjLSya5CeP2x0to
23:13:19.814781 kvClerk  G50707127280004238 - S99 INFO  gid: 102 shard: 8 Append key: 0, value: o, now: UjjtFdXC5ilcANAQEG-GSkOzCr1ZSePmpjfwku5HV5ea4z0dw-jQ73fCxPMW3A12KY6nDOPSnKWyEtZYtr_OjLSya5CeP2x0too
23:13:19.877578 kvClerk  G50707127280004238 - S100 INFO  gid: 102 shard: 8 Append key: 0, value: H, now: UjjtFdXC5ilcANAQEG-GSkOzCr1ZSePmpjfwku5HV5ea4z0dw-jQ73fCxPMW3A12KY6nDOPSnKWyEtZYtr_OjLSya5CeP2x0tooH
23:13:19.939142 kvClerk  G50707127280004238 - S101 INFO  ErrWrongGroup gid: 102 shard 8, Append key: 0, value: 4
23:13:20.064884 kvClerk  G50707127280004238 - S101 INFO  gid: 101 shard: 8 Append key: 0, value: 4, now: UjjtFdXC5ilcANAQEG-GSkOzCr1ZSePmpjfwku5HV5ea4z0dw-jQ73fCxPMW3A12KY6nDOPSnKWyEtZYtr_OjLSya5CeP2x0tooH4
23:13:20.131610 kvClerk  G50707127280004238 - S102 INFO  gid: 101 shard: 8 Append key: 0, value: P, now: UjjtFdXC5ilcANAQEG-GSkOzCr1ZSePmpjfwku5HV5ea4z0dw-jQ73fCxPMW3A12KY6nDOPSnKWyEtZYtr_OjLSya5CeP2x0tooH4P
23:13:20.197353 kvClerk  G50707127280004238 - S103 INFO  gid: 101 shard: 8 Append key: 0, value: 1, now: UjjtFdXC5ilcANAQEG-GSkOzCr1ZSePmpjfwku5HV5ea4z0dw-jQ73fCxPMW3A12KY6nDOPSnKWyEtZYtr_OjLSya5CeP2x0tooH4P1
23:13:20.259443 kvClerk  G50707127280004238 - S104 INFO  gid: 101 shard: 8 Append key: 0, value: T, now: UjjtFdXC5ilcANAQEG-GSkOzCr1ZSePmpjfwku5HV5ea4z0dw-jQ73fCxPMW3A12KY6nDOPSnKWyEtZYtr_OjLSya5CeP2x0tooH4P1T
23:13:20.324230 kvClerk  G50707127280004238 - S105 INFO  gid: 101 shard: 8 Append key: 0, value: l, now: UjjtFdXC5ilcANAQEG-GSkOzCr1ZSePmpjfwku5HV5ea4z0dw-jQ73fCxPMW3A12KY6nDOPSnKWyEtZYtr_OjLSya5CeP2x0tooH4P1Tl
23:13:20.388512 kvClerk  G50707127280004238 - S106 INFO  gid: 101 shard: 8 Append key: 0, value: C, now: UjjtFdXC5ilcANAQEG-GSkOzCr1ZSePmpjfwku5HV5ea4z0dw-jQ73fCxPMW3A12KY6nDOPSnKWyEtZYtr_OjLSya5CeP2x0tooH4P1TlC
23:13:20.451042 kvClerk  G50707127280004238 - S107 INFO  gid: 101 shard: 8 Append key: 0, value: 1, now: UjjtFdXC5ilcANAQEG-GSkOzCr1ZSePmpjfwku5HV5ea4z0dw-jQ73fCxPMW3A12KY6nDOPSnKWyEtZYtr_OjLSya5CeP2x0tooH4P1TlC1
23:13:20.515595 kvClerk  G50707127280004238 - S108 INFO  gid: 101 shard: 8 Append key: 0, value: 8, now: UjjtFdXC5ilcANAQEG-GSkOzCr1ZSePmpjfwku5HV5ea4z0dw-jQ73fCxPMW3A12KY6nDOPSnKWyEtZYtr_OjLSya5CeP2x0tooH4P1TlC18
23:13:20.580180 kvClerk  G50707127280004238 - S109 INFO  gid: 101 shard: 8 Append key: 0, value: g, now: UjjtFdXC5ilcANAQEG-GSkOzCr1ZSePmpjfwku5HV5ea4z0dw-jQ73fCxPMW3A12KY6nDOPSnKWyEtZYtr_OjLSya5CeP2x0tooH4P1TlC18g
23:13:20.647352 kvClerk  G50707127280004238 - S110 INFO  gid: 101 shard: 8 Append key: 0, value: p, now: UjjtFdXC5ilcANAQEG-GSkOzCr1ZSePmpjfwku5HV5ea4z0dw-jQ73fCxPMW3A12KY6nDOPSnKWyEtZYtr_OjLSya5CeP2x0tooH4P1TlC18gp
23:13:20.710744 kvClerk  G50707127280004238 - S111 INFO  gid: 101 shard: 8 Append key: 0, value: -, now: UjjtFdXC5ilcANAQEG-GSkOzCr1ZSePmpjfwku5HV5ea4z0dw-jQ73fCxPMW3A12KY6nDOPSnKWyEtZYtr_OjLSya5CeP2x0tooH4P1TlC18gp-
23:13:20.774131 kvClerk  G50707127280004238 - S112 INFO  gid: 101 shard: 8 Append key: 0, value: H, now: UjjtFdXC5ilcANAQEG-GSkOzCr1ZSePmpjfwku5HV5ea4z0dw-jQ73fCxPMW3A12KY6nDOPSnKWyEtZYtr_OjLSya5CeP2x0tooH4P1TlC18gp-H
23:13:20.837602 kvClerk  G50707127280004238 - S113 INFO  gid: 101 shard: 8 Append key: 0, value: 1, now: UjjtFdXC5ilcANAQEG-GSkOzCr1ZSePmpjfwku5HV5ea4z0dw-jQ73fCxPMW3A12KY6nDOPSnKWyEtZYtr_OjLSya5CeP2x0tooH4P1TlC18gp-H1
23:13:20.901666 kvClerk  G50707127280004238 - S114 INFO  gid: 101 shard: 8 Append key: 0, value: 8, now: UjjtFdXC5ilcANAQEG-GSkOzCr1ZSePmpjfwku5HV5ea4z0dw-jQ73fCxPMW3A12KY6nDOPSnKWyEtZYtr_OjLSya5CeP2x0tooH4P1TlC18gp-H18
23:13:20.964093 kvClerk  G50707127280004238 - S115 INFO  gid: 101 shard: 8 Append key: 0, value: r, now: UjjtFdXC5ilcANAQEG-GSkOzCr1ZSePmpjfwku5HV5ea4z0dw-jQ73fCxPMW3A12KY6nDOPSnKWyEtZYtr_OjLSya5CeP2x0tooH4P1TlC18gp-H18r
23:13:21.029485 kvClerk  G50707127280004238 - S116 INFO  gid: 101 shard: 8 Append key: 0, value: 4, now: UjjtFdXC5ilcANAQEG-GSkOzCr1ZSePmpjfwku5HV5ea4z0dw-jQ73fCxPMW3A12KY6nDOPSnKWyEtZYtr_OjLSya5CeP2x0tooH4P1TlC18gp-H18r4
23:13:21.093940 kvClerk  G50707127280004238 - S117 INFO  gid: 101 shard: 8 Append key: 0, value: a, now: UjjtFdXC5ilcANAQEG-GSkOzCr1ZSePmpjfwku5HV5ea4z0dw-jQ73fCxPMW3A12KY6nDOPSnKWyEtZYtr_OjLSya5CeP2x0tooH4P1TlC18gp-H18r4a
23:13:21.158848 kvClerk  G50707127280004238 - S118 INFO  gid: 101 shard: 8 Append key: 0, value: N, now: UjjtFdXC5ilcANAQEG-GSkOzCr1ZSePmpjfwku5HV5ea4z0dw-jQ73fCxPMW3A12KY6nDOPSnKWyEtZYtr_OjLSya5CeP2x0tooH4P1TlC18gp-H18r4aN
23:13:21.221504 kvClerk  G50707127280004238 - S119 INFO  gid: 101 shard: 8 Append key: 0, value: 1, now: UjjtFdXC5ilcANAQEG-GSkOzCr1ZSePmpjfwku5HV5ea4z0dw-jQ73fCxPMW3A12KY6nDOPSnKWyEtZYtr_OjLSya5CeP2x0tooH4P1TlC18gp-H18r4aN1
23:13:21.285922 kvClerk  G50707127280004238 - S120 INFO  gid: 101 shard: 8 Append key: 0, value: K, now: UjjtFdXC5ilcANAQEG-GSkOzCr1ZSePmpjfwku5HV5ea4z0dw-jQ73fCxPMW3A12KY6nDOPSnKWyEtZYtr_OjLSya5CeP2x0tooH4P1TlC18gp-H18r4aN1K
23:13:21.349614 kvClerk  G50707127280004238 - S121 INFO  gid: 101 shard: 8 Append key: 0, value: t, now: UjjtFdXC5ilcANAQEG-GSkOzCr1ZSePmpjfwku5HV5ea4z0dw-jQ73fCxPMW3A12KY6nDOPSnKWyEtZYtr_OjLSya5CeP2x0tooH4P1TlC18gp-H18r4aN1Kt
23:13:21.413556 kvClerk  G50707127280004238 - S122 INFO  gid: 101 shard: 8 Append key: 0, value: 8, now: UjjtFdXC5ilcANAQEG-GSkOzCr1ZSePmpjfwku5HV5ea4z0dw-jQ73fCxPMW3A12KY6nDOPSnKWyEtZYtr_OjLSya5CeP2x0tooH4P1TlC18gp-H18r4aN1Kt8
23:13:21.478161 kvClerk  G50707127280004238 - S123 INFO  gid: 101 shard: 8 Append key: 0, value: u, now: UjjtFdXC5ilcANAQEG-GSkOzCr1ZSePmpjfwku5HV5ea4z0dw-jQ73fCxPMW3A12KY6nDOPSnKWyEtZYtr_OjLSya5CeP2x0tooH4P1TlC18gp-H18r4aN1Kt8u
23:13:21.554071 kvClerk  G50707127280004238 - S124 INFO  gid: 101 shard: 8 Append key: 0, value: t, now: UjjtFdXC5ilcANAQEG-GSkOzCr1ZSePmpjfwku5HV5ea4z0dw-jQ73fCxPMW3A12KY6nDOPSnKWyEtZYtr_OjLSya5CeP2x0tooH4P1TlC18gp-H18r4aN1Kt8ut
23:13:21.618626 kvClerk  G50707127280004238 - S125 INFO  gid: 101 shard: 8 Append key: 0, value: H, now: UjjtFdXC5ilcANAQEG-GSkOzCr1ZSePmpjfwku5HV5ea4z0dw-jQ73fCxPMW3A12KY6nDOPSnKWyEtZYtr_OjLSya5CeP2x0tooH4P1TlC18gp-H18r4aN1Kt8utH
23:13:21.682539 kvClerk  G50707127280004238 - S126 INFO  gid: 101 shard: 8 Append key: 0, value: 2, now: UjjtFdXC5ilcANAQEG-GSkOzCr1ZSePmpjfwku5HV5ea4z0dw-jQ73fCxPMW3A12KY6nDOPSnKWyEtZYtr_OjLSya5CeP2x0tooH4P1TlC18gp-H18r4aN1Kt8utH2
23:13:21.754066 kvClerk  G50707127280004238 - S127 INFO  gid: 101 shard: 8 Append key: 0, value: t, now: UjjtFdXC5ilcANAQEG-GSkOzCr1ZSePmpjfwku5HV5ea4z0dw-jQ73fCxPMW3A12KY6nDOPSnKWyEtZYtr_OjLSya5CeP2x0tooH4P1TlC18gp-H18r4aN1Kt8utH2t
23:13:21.818476 kvClerk  G50707127280004238 - S128 INFO  gid: 101 shard: 8 Append key: 0, value: b, now: UjjtFdXC5ilcANAQEG-GSkOzCr1ZSePmpjfwku5HV5ea4z0dw-jQ73fCxPMW3A12KY6nDOPSnKWyEtZYtr_OjLSya5CeP2x0tooH4P1TlC18gp-H18r4aN1Kt8utH2tb
23:13:21.883536 kvClerk  G50707127280004238 - S129 INFO  gid: 101 shard: 8 Append key: 0, value: x, now: UjjtFdXC5ilcANAQEG-GSkOzCr1ZSePmpjfwku5HV5ea4z0dw-jQ73fCxPMW3A12KY6nDOPSnKWyEtZYtr_OjLSya5CeP2x0tooH4P1TlC18gp-H18r4aN1Kt8utH2tbx
23:13:21.947679 kvClerk  G50707127280004238 - S130 INFO  gid: 101 shard: 8 Append key: 0, value: X, now: UjjtFdXC5ilcANAQEG-GSkOzCr1ZSePmpjfwku5HV5ea4z0dw-jQ73fCxPMW3A12KY6nDOPSnKWyEtZYtr_OjLSya5CeP2x0tooH4P1TlC18gp-H18r4aN1Kt8utH2tbxX
23:13:22.013526 kvClerk  G50707127280004238 - S131 INFO  gid: 101 shard: 8 Append key: 0, value: i, now: UjjtFdXC5ilcANAQEG-GSkOzCr1ZSePmpjfwku5HV5ea4z0dw-jQ73fCxPMW3A12KY6nDOPSnKWyEtZYtr_OjLSya5CeP2x0tooH4P1TlC18gp-H18r4aN1Kt8utH2tbxXi
23:13:22.079820 kvClerk  G50707127280004238 - S132 INFO  gid: 101 shard: 8 Append key: 0, value: g, now: UjjtFdXC5ilcANAQEG-GSkOzCr1ZSePmpjfwku5HV5ea4z0dw-jQ73fCxPMW3A12KY6nDOPSnKWyEtZYtr_OjLSya5CeP2x0tooH4P1TlC18gp-H18r4aN1Kt8utH2tbxXig
23:13:22.145254 kvClerk  G50707127280004238 - S133 INFO  gid: 101 shard: 8 Append key: 0, value: h, now: UjjtFdXC5ilcANAQEG-GSkOzCr1ZSePmpjfwku5HV5ea4z0dw-jQ73fCxPMW3A12KY6nDOPSnKWyEtZYtr_OjLSya5CeP2x0tooH4P1TlC18gp-H18r4aN1Kt8utH2tbxXigh
23:13:22.211090 kvClerk  G50707127280004238 - S134 INFO  gid: 101 shard: 8 Append key: 0, value: V, now: UjjtFdXC5ilcANAQEG-GSkOzCr1ZSePmpjfwku5HV5ea4z0dw-jQ73fCxPMW3A12KY6nDOPSnKWyEtZYtr_OjLSya5CeP2x0tooH4P1TlC18gp-H18r4aN1Kt8utH2tbxXighV
23:13:22.276453 kvClerk  G50707127280004238 - S135 INFO  gid: 101 shard: 8 Append key: 0, value: a, now: UjjtFdXC5ilcANAQEG-GSkOzCr1ZSePmpjfwku5HV5ea4z0dw-jQ73fCxPMW3A12KY6nDOPSnKWyEtZYtr_OjLSya5CeP2x0tooH4P1TlC18gp-H18r4aN1Kt8utH2tbxXighVa
23:13:22.341334 kvClerk  G50707127280004238 - S136 INFO  gid: 101 shard: 8 Append key: 0, value: l, now: UjjtFdXC5ilcANAQEG-GSkOzCr1ZSePmpjfwku5HV5ea4z0dw-jQ73fCxPMW3A12KY6nDOPSnKWyEtZYtr_OjLSya5CeP2x0tooH4P1TlC18gp-H18r4aN1Kt8utH2tbxXighVal
23:13:22.410875 kvClerk  G50707127280004238 - S137 INFO  gid: 101 shard: 8 Append key: 0, value: u, now: UjjtFdXC5ilcANAQEG-GSkOzCr1ZSePmpjfwku5HV5ea4z0dw-jQ73fCxPMW3A12KY6nDOPSnKWyEtZYtr_OjLSya5CeP2x0tooH4P1TlC18gp-H18r4aN1Kt8utH2tbxXighValu
23:13:22.476550 kvClerk  G50707127280004238 - S138 INFO  gid: 101 shard: 8 Append key: 0, value: E, now: UjjtFdXC5ilcANAQEG-GSkOzCr1ZSePmpjfwku5HV5ea4z0dw-jQ73fCxPMW3A12KY6nDOPSnKWyEtZYtr_OjLSya5CeP2x0tooH4P1TlC18gp-H18r4aN1Kt8utH2tbxXighValuE
23:13:22.542570 kvClerk  G50707127280004238 - S139 INFO  gid: 101 shard: 8 Append key: 0, value: z, now: UjjtFdXC5ilcANAQEG-GSkOzCr1ZSePmpjfwku5HV5ea4z0dw-jQ73fCxPMW3A12KY6nDOPSnKWyEtZYtr_OjLSya5CeP2x0tooH4P1TlC18gp-H18r4aN1Kt8utH2tbxXighValuEz
23:13:22.608147 kvClerk  G50707127280004238 - S140 INFO  gid: 101 shard: 8 Append key: 0, value: c, now: UjjtFdXC5ilcANAQEG-GSkOzCr1ZSePmpjfwku5HV5ea4z0dw-jQ73fCxPMW3A12KY6nDOPSnKWyEtZYtr_OjLSya5CeP2x0tooH4P1TlC18gp-H18r4aN1Kt8utH2tbxXighValuEzc
23:13:22.672990 kvClerk  G50707127280004238 - S141 INFO  gid: 101 shard: 8 Append key: 0, value: C, now: UjjtFdXC5ilcANAQEG-GSkOzCr1ZSePmpjfwku5HV5ea4z0dw-jQ73fCxPMW3A12KY6nDOPSnKWyEtZYtr_OjLSya5CeP2x0tooH4P1TlC18gp-H18r4aN1Kt8utH2tbxXighValuEzcC
23:13:22.738443 kvClerk  G50707127280004238 - S142 INFO  gid: 101 shard: 8 Append key: 0, value: d, now: UjjtFdXC5ilcANAQEG-GSkOzCr1ZSePmpjfwku5HV5ea4z0dw-jQ73fCxPMW3A12KY6nDOPSnKWyEtZYtr_OjLSya5CeP2x0tooH4P1TlC18gp-H18r4aN1Kt8utH2tbxXighValuEzcCd
23:13:22.805426 kvClerk  G50707127280004238 - S143 INFO  gid: 101 shard: 8 Append key: 0, value: Y, now: UjjtFdXC5ilcANAQEG-GSkOzCr1ZSePmpjfwku5HV5ea4z0dw-jQ73fCxPMW3A12KY6nDOPSnKWyEtZYtr_OjLSya5CeP2x0tooH4P1TlC18gp-H18r4aN1Kt8utH2tbxXighValuEzcCdY
23:13:25.055587 kvClerk  G50707127280004238 - S144 INFO  gid: 101 shard: 8 Append key: 0, value: f, now: UjjtFdXC5ilcANAQEG-GSkOzCr1ZSePmpjfwku5HV5ea4z0dw-jQ73fCxPMW3A12KY6nDOPSnKWyEtZYtr_OjLSya5CeP2x0tooH4P1TlC18gp-H18r4aN1Kt8utH2tbxXighValuEzcCd4P1TlC18gp-H18r4aN1Kt8utH2tbxXighValuEzcCdYf
23:13:25.119004 kvClerk  G50707127280004238 - S145 INFO  gid: 101 shard: 8 Append key: 0, value: _, now: UjjtFdXC5ilcANAQEG-GSkOzCr1ZSePmpjfwku5HV5ea4z0dw-jQ73fCxPMW3A12KY6nDOPSnKWyEtZYtr_OjLSya5CeP2x0tooH4P1TlC18gp-H18r4aN1Kt8utH2tbxXighValuEzcCd4P1TlC18gp-H18r4aN1Kt8utH2tbxXighValuEzcCdYf_
23:13:25.183299 kvClerk  G50707127280004238 - S146 INFO  gid: 101 shard: 8 Append key: 0, value: A, now: UjjtFdXC5ilcANAQEG-GSkOzCr1ZSePmpjfwku5HV5ea4z0dw-jQ73fCxPMW3A12KY6nDOPSnKWyEtZYtr_OjLSya5CeP2x0tooH4P1TlC18gp-H18r4aN1Kt8utH2tbxXighValuEzcCd4P1TlC18gp-H18r4aN1Kt8utH2tbxXighValuEzcCdYf_A
23:13:25.245789 kvClerk  G50707127280004238 - S147 INFO  gid: 101 shard: 8 Append key: 0, value: E, now: UjjtFdXC5ilcANAQEG-GSkOzCr1ZSePmpjfwku5HV5ea4z0dw-jQ73fCxPMW3A12KY6nDOPSnKWyEtZYtr_OjLSya5CeP2x0tooH4P1TlC18gp-H18r4aN1Kt8utH2tbxXighValuEzcCd4P1TlC18gp-H18r4aN1Kt8utH2tbxXighValuEzcCdYf_AE
23:13:25.309413 kvClerk  G50707127280004238 - S148 INFO  gid: 101 shard: 8 Append key: 0, value: o, now: UjjtFdXC5ilcANAQEG-GSkOzCr1ZSePmpjfwku5HV5ea4z0dw-jQ73fCxPMW3A12KY6nDOPSnKWyEtZYtr_OjLSya5CeP2x0tooH4P1TlC18gp-H18r4aN1Kt8utH2tbxXighValuEzcCd4P1TlC18gp-H18r4aN1Kt8utH2tbxXighValuEzcCdYf_AEo
23:13:25.372957 kvClerk  G50707127280004238 - S149 INFO  gid: 101 shard: 8 Append key: 0, value: X, now: UjjtFdXC5ilcANAQEG-GSkOzCr1ZSePmpjfwku5HV5ea4z0dw-jQ73fCxPMW3A12KY6nDOPSnKWyEtZYtr_OjLSya5CeP2x0tooH4P1TlC18gp-H18r4aN1Kt8utH2tbxXighValuEzcCd4P1TlC18gp-H18r4aN1Kt8utH2tbxXighValuEzcCdYf_AEoX
23:13:25.434783 kvClerk  G50707127280004238 - S150 INFO  gid: 101 shard: 8 Append key: 0, value: I, now: UjjtFdXC5ilcANAQEG-GSkOzCr1ZSePmpjfwku5HV5ea4z0dw-jQ73fCxPMW3A12KY6nDOPSnKWyEtZYtr_OjLSya5CeP2x0tooH4P1TlC18gp-H18r4aN1Kt8utH2tbxXighValuEzcCd4P1TlC18gp-H18r4aN1Kt8utH2tbxXighValuEzcCdYf_AEoXI
23:13:25.507335 kvClerk  G50707127280004238 - S151 INFO  gid: 101 shard: 8 Append key: 0, value: K, now: UjjtFdXC5ilcANAQEG-GSkOzCr1ZSePmpjfwku5HV5ea4z0dw-jQ73fCxPMW3A12KY6nDOPSnKWyEtZYtr_OjLSya5CeP2x0tooH4P1TlC18gp-H18r4aN1Kt8utH2tbxXighValuEzcCd4P1TlC18gp-H18r4aN1Kt8utH2tbxXighValuEzcCdYf_AEoXIK
23:13:25.579177 kvClerk  G50707127280004238 - S152 INFO  gid: 101 shard: 8 Append key: 0, value: z, now: UjjtFdXC5ilcANAQEG-GSkOzCr1ZSePmpjfwku5HV5ea4z0dw-jQ73fCxPMW3A12KY6nDOPSnKWyEtZYtr_OjLSya5CeP2x0tooH4P1TlC18gp-H18r4aN1Kt8utH2tbxXighValuEzcCd4P1TlC18gp-H18r4aN1Kt8utH2tbxXighValuEzcCdYf_AEoXIKz
23:13:25.651522 kvClerk  G50707127280004238 - S153 INFO  gid: 101 shard: 8 Append key: 0, value: 2, now: UjjtFdXC5ilcANAQEG-GSkOzCr1ZSePmpjfwku5HV5ea4z0dw-jQ73fCxPMW3A12KY6nDOPSnKWyEtZYtr_OjLSya5CeP2x0tooH4P1TlC18gp-H18r4aN1Kt8utH2tbxXighValuEzcCd4P1TlC18gp-H18r4aN1Kt8utH2tbxXighValuEzcCdYf_AEoXIKz2
23:13:25.717291 kvClerk  G50707127280004238 - S154 INFO  gid: 101 shard: 8 Append key: 0, value: V, now: UjjtFdXC5ilcANAQEG-GSkOzCr1ZSePmpjfwku5HV5ea4z0dw-jQ73fCxPMW3A12KY6nDOPSnKWyEtZYtr_OjLSya5CeP2x0tooH4P1TlC18gp-H18r4aN1Kt8utH2tbxXighValuEzcCd4P1TlC18gp-H18r4aN1Kt8utH2tbxXighValuEzcCdYf_AEoXIKz2V
23:13:25.782540 kvClerk  G50707127280004238 - S155 INFO  gid: 101 shard: 8 Append key: 0, value: Q, now: UjjtFdXC5ilcANAQEG-GSkOzCr1ZSePmpjfwku5HV5ea4z0dw-jQ73fCxPMW3A12KY6nDOPSnKWyEtZYtr_OjLSya5CeP2x0tooH4P1TlC18gp-H18r4aN1Kt8utH2tbxXighValuEzcCd4P1TlC18gp-H18r4aN1Kt8utH2tbxXighValuEzcCdYf_AEoXIKz2VQ
23:13:25.846801 kvClerk  G50707127280004238 - S156 INFO  gid: 101 shard: 8 Append key: 0, value: t, now: UjjtFdXC5ilcANAQEG-GSkOzCr1ZSePmpjfwku5HV5ea4z0dw-jQ73fCxPMW3A12KY6nDOPSnKWyEtZYtr_OjLSya5CeP2x0tooH4P1TlC18gp-H18r4aN1Kt8utH2tbxXighValuEzcCd4P1TlC18gp-H18r4aN1Kt8utH2tbxXighValuEzcCdYf_AEoXIKz2VQt
23:13:25.897132 kvClerk  G3359871227011753109 - S12 INFO  gid: 101 shard: 8 Get key: 0, value: 
23:13:25.910389 kvClerk  G3359871227011753109 - S12 INFO  gid: 101 shard: 8 Get key: 0, value: UjjtFdXC5ilcANAQEG-GSkOzCr1ZSePmpjfwku5HV5ea4z0dw-jQ73fCxPMW3A12KY6nDOPSnKWyEtZYtr_OjLSya5CeP2x0tooH4P1TlC18gp-H18r4aN1Kt8utH2tbxXighValuEzcCd4P1TlC18gp-H18r4aN1Kt8utH2tbxXighValuEzcCdYf_AEoXIKz2VQt
